-------------------------------------------------------------------------------
Test set: com.example.wednesday.WednesdayApplicationTests
-------------------------------------------------------------------------------
Tests run: 1, Failures: 0, Errors: 1, Skipped: 0, Time elapsed: 0.484 s <<< FAILURE! - in com.example.wednesday.WednesdayApplicationTests
initializationError(com.example.wednesday.WednesdayApplicationTests)  Time elapsed: 0.005 s  <<< ERROR!
java.lang.IllegalStateException: Unable to find a @SpringBootConfiguration, you need to use @ContextConfiguration or @SpringBootTest(classes=...) with your test

